\BOOKMARK [1][-]{section.1}{Introducci\363n}{}% 1
\BOOKMARK [1][-]{section.2}{Reinscripci\363n}{}% 2
\BOOKMARK [2][-]{subsection.2.1}{Objetivos del Proceso}{section.2}% 3
\BOOKMARK [3][-]{subsubsection.2.1.1}{Objetivo General}{subsection.2.1}% 4
\BOOKMARK [3][-]{subsubsection.2.1.2}{Objetivos Espec\355ficos}{subsection.2.1}% 5
\BOOKMARK [2][-]{subsection.2.2}{Descripci\363n del Proceso}{section.2}% 6
\BOOKMARK [3][-]{subsubsection.2.2.1}{Mapa General del Proceso}{subsection.2.2}% 7
\BOOKMARK [3][-]{subsubsection.2.2.2}{Criterios de Entrada}{subsection.2.2}% 8
\BOOKMARK [3][-]{subsubsection.2.2.3}{Entradas}{subsection.2.2}% 9
\BOOKMARK [3][-]{subsubsection.2.2.4}{Criterios de Salida}{subsection.2.2}% 10
\BOOKMARK [3][-]{subsubsection.2.2.5}{Salidas}{subsection.2.2}% 11
\BOOKMARK [3][-]{subsubsection.2.2.6}{Descripci\363n de Actividades del Proceso}{subsection.2.2}% 12
\BOOKMARK [3][-]{subsubsection.2.2.7}{Descripci\363n de Roles}{subsection.2.2}% 13
\BOOKMARK [3][-]{subsubsection.2.2.8}{Descripci\363n de Productos}{subsection.2.2}% 14
\BOOKMARK [2][-]{subsection.2.3}{Indicadores}{section.2}% 15
\BOOKMARK [2][-]{subsection.2.4}{Reglas del Proceso}{section.2}% 16
\BOOKMARK [2][-]{subsection.2.5}{Factores Cr\355ticos}{section.2}% 17
\BOOKMARK [2][-]{subsection.2.6}{Fecha de elaboraci\363n}{section.2}% 18
\BOOKMARK [2][-]{subsection.2.7}{Firmas de elaboraci\363n, revisi\363n y aprobaci\363n}{section.2}% 19
\BOOKMARK [1][-]{section.3}{Gesti las Instalaciones}{}% 20
\BOOKMARK [2][-]{subsection.3.1}{Objetivos del Proceso}{section.3}% 21
\BOOKMARK [3][-]{subsubsection.3.1.1}{Objetivo General}{subsection.3.1}% 22
\BOOKMARK [3][-]{subsubsection.3.1.2}{Objetivos Espec\355ficos}{subsection.3.1}% 23
\BOOKMARK [2][-]{subsection.3.2}{Descripci\363n del Proceso}{section.3}% 24
\BOOKMARK [3][-]{subsubsection.3.2.1}{Mapa General del Proceso}{subsection.3.2}% 25
\BOOKMARK [3][-]{subsubsection.3.2.2}{Criterios de Entrada}{subsection.3.2}% 26
\BOOKMARK [3][-]{subsubsection.3.2.3}{Entradas}{subsection.3.2}% 27
\BOOKMARK [3][-]{subsubsection.3.2.4}{Criterios de Salida}{subsection.3.2}% 28
\BOOKMARK [3][-]{subsubsection.3.2.5}{Salidas}{subsection.3.2}% 29
\BOOKMARK [3][-]{subsubsection.3.2.6}{Descripci Actividades del Proceso}{subsection.3.2}% 30
\BOOKMARK [3][-]{subsubsection.3.2.7}{Descripci\363n de Roles}{subsection.3.2}% 31
\BOOKMARK [3][-]{subsubsection.3.2.8}{Descripci\363n de Productos}{subsection.3.2}% 32
\BOOKMARK [2][-]{subsection.3.3}{Indicadores}{section.3}% 33
\BOOKMARK [2][-]{subsection.3.4}{Reglas del Proceso}{section.3}% 34
\BOOKMARK [2][-]{subsection.3.5}{Factores Cr\355ticos}{section.3}% 35
\BOOKMARK [2][-]{subsection.3.6}{Fecha de elaboraci\363n}{section.3}% 36
\BOOKMARK [2][-]{subsection.3.7}{Firmas de elaboraci\363n, revisi\363n y aprobaci\363n}{section.3}% 37
\BOOKMARK [1][-]{section.4}{Glosario}{}% 38
